<?xml version="1.0" encoding="UTF-8"?>
<!-- Generated by org.testng.reporters.JUnitReportReporter -->
<testsuite hostname="Life" failures="0" tests="4" name="main.MainClass" time="0.007" errors="0" timestamp="2022-09-29T21:51:10 IST" skipped="0">
  <testcase classname="main.MainClass" name="Test3" time="0.001"/>
  <system-out/>
  <testcase classname="main.MainClass" name="Test2" time="0.003"/>
  <system-out/>
  <testcase classname="main.MainClass" name="Test4" time="0.001"/>
  <system-out/>
  <testcase classname="main.MainClass" name="Test1" time="0.002"/>
  <system-out/>
</testsuite> <!-- main.MainClass -->
