<?xml version="1.0" encoding="UTF-8"?>
<!-- Generated by org.testng.reporters.JUnitReportReporter -->
<testsuite hostname="Life" failures="0" tests="3" name="testclasses.TestClass1" time="0.030" errors="0" timestamp="2022-09-30T07:23:33 IST" skipped="0">
  <testcase classname="testclasses.TestClass1" name="TC02" time="0.009"/>
  <system-out/>
  <testcase classname="testclasses.TestClass1" name="TC01" time="0.016"/>
  <system-out/>
  <testcase classname="testclasses.TestClass1" name="TC03" time="0.005"/>
  <system-out/>
</testsuite> <!-- testclasses.TestClass1 -->
