<?xml version="1.0" encoding="UTF-8"?>
<!-- Generated by org.testng.reporters.JUnitReportReporter -->
<testsuite hostname="Life" failures="0" tests="1" name="testclasses.TestClass3" time="0.010" errors="0" timestamp="2022-09-30T07:23:27 IST" skipped="0">
  <testcase classname="testclasses.TestClass3" name="TC01" time="0.010"/>
  <system-out/>
</testsuite> <!-- testclasses.TestClass3 -->
