<?xml version="1.0" encoding="UTF-8"?>
<!-- Generated by org.testng.reporters.JUnitReportReporter -->
<testsuite hostname="Life" failures="0" tests="2" name="Priority.priority" time="0.024" errors="0" timestamp="2022-09-29T21:56:16 IST" skipped="1">
  <testcase classname="Priority.priority" name="TC01" time="0.024"/>
  <system-out/>
  <testcase classname="Priority.priority" name="TC06">
    <skipped/>
  </testcase> <!-- TC06 -->
  <system-out/>
</testsuite> <!-- Priority.priority -->
